<?xml version="1.0" encoding="UTF-8"?>
<!-- Generated by org.testng.reporters.JUnitReportReporter -->
<testsuite skipped="0" hostname="ATMECSINDT-046" name="com.atmecs.Konakart_Automation.HeroImageScenario" tests="1" failures="0" timestamp="04 Oct 2019 17:19:37 GMT" time="41.989" errors="0">
  <testcase name="HeroImageValidation" time="41.989" classname="com.atmecs.Konakart_Automation.HeroImageScenario"/>
</testsuite> <!-- com.atmecs.Konakart_Automation.HeroImageScenario -->
