<?xml version="1.0" encoding="UTF-8"?>
<!-- Generated by org.testng.reporters.JUnitReportReporter -->
<testsuite skipped="0" hostname="ATMECSINDT-046" name="com.atmecs.AtmecsProject2.PageVerification" tests="1" failures="0" timestamp="03 Oct 2019 13:38:50 GMT" time="60.246" errors="0">
  <testcase name="goToReadMore" time="60.246" classname="com.atmecs.AtmecsProject2.PageVerification"/>
</testsuite> <!-- com.atmecs.AtmecsProject2.PageVerification -->
