<?xml version="1.0" encoding="UTF-8"?>
<!-- Generated by org.testng.reporters.JUnitReportReporter -->
<testsuite skipped="0" hostname="ATMECSINDT-046" name="com.atmecs.Konakart_Automation.HeroImage" tests="1" failures="0" timestamp="09 Oct 2019 15:11:28 GMT" time="46.060" errors="0">
  <testcase name="HeroImage" time="46.060" classname="com.atmecs.Konakart_Automation.HeroImage"/>
</testsuite> <!-- com.atmecs.Konakart_Automation.HeroImage -->
