<?xml version="1.0" encoding="UTF-8"?>
<!-- Generated by org.testng.reporters.JUnitReportReporter -->
<testsuite skipped="1" hostname="ATMECSINDT-046" name="com.atmecs.automation.testscripts.Homepage" tests="1" failures="0" timestamp="26 Sep 2019 05:57:27 GMT" time="0.000" errors="0">
  <testcase name="homepageproducts" time="0.000" classname="com.atmecs.automation.testscripts.Homepage">
    <skipped/>
  </testcase> <!-- homepageproducts -->
</testsuite> <!-- com.atmecs.automation.testscripts.Homepage -->
