<?xml version="1.0" encoding="UTF-8"?>
<!-- Generated by org.testng.reporters.JUnitReportReporter -->
<testsuite skipped="0" hostname="ATMECSINDT-046" name="com.atmecs.automation.testscripts.VerifyBlogs" tests="1" failures="0" timestamp="01 Oct 2019 09:41:41 GMT" time="26.139" errors="0">
  <testcase name="verifyBlogDetails" time="26.139" classname="com.atmecs.automation.testscripts.VerifyBlogs"/>
</testsuite> <!-- com.atmecs.automation.testscripts.VerifyBlogs -->
