<?xml version="1.0" encoding="UTF-8"?>
<!-- Generated by org.testng.reporters.JUnitReportReporter -->
<testsuite skipped="0" hostname="ATMECSINDT-046" name="com.atmecs.Konakart_Automation.SearchValidation" tests="1" failures="0" timestamp="04 Oct 2019 12:14:52 GMT" time="12.784" errors="0">
  <testcase name="searchValidation" time="12.784" classname="com.atmecs.Konakart_Automation.SearchValidation"/>
</testsuite> <!-- com.atmecs.Konakart_Automation.SearchValidation -->
