<?xml version="1.0" encoding="UTF-8"?>
<!-- Generated by org.testng.reporters.JUnitReportReporter -->
<testsuite skipped="0" hostname="ATMECSINDT-046" name="com.atmecs.Konakart_Automation.HeroImageScenario" tests="1" failures="0" timestamp="04 Oct 2019 12:14:52 GMT" time="19.679" errors="0">
  <testcase name="HeroImageValidation" time="19.679" classname="com.atmecs.Konakart_Automation.HeroImageScenario"/>
</testsuite> <!-- com.atmecs.Konakart_Automation.HeroImageScenario -->
