<?xml version="1.0" encoding="UTF-8"?>
<!-- Generated by org.testng.reporters.JUnitReportReporter -->
<testsuite skipped="0" hostname="ATMECSINDT-046" name="com.atmecs.practo.testscripts.Login" tests="3" failures="0" timestamp="13 Sep 2019 15:14:42 GMT" time="35.068" errors="0">
  <testcase name="verifyHomePage" time="15.621" classname="com.atmecs.practo.testscripts.Login"/>
  <testcase name="verifyPainrelfPage" time="7.691" classname="com.atmecs.practo.testscripts.Login"/>
  <testcase name="verifyFirstProduct" time="11.756" classname="com.atmecs.practo.testscripts.Login"/>
</testsuite> <!-- com.atmecs.practo.testscripts.Login -->
