<?xml version="1.0" encoding="UTF-8"?>
<!-- Generated by org.testng.reporters.JUnitReportReporter -->
<testsuite skipped="0" hostname="ATMECSINDT-046" name="com.atmecs.practo.testscripts.VerifyCart" tests="4" failures="0" timestamp="13 Sep 2019 15:28:33 GMT" time="36.143" errors="0">
  <testcase name="verifyHomePage" time="15.012" classname="com.atmecs.practo.testscripts.VerifyCart"/>
  <testcase name="verifyPainrelfPage" time="9.091" classname="com.atmecs.practo.testscripts.VerifyCart"/>
  <testcase name="verifyFirstProduct" time="10.571" classname="com.atmecs.practo.testscripts.VerifyCart"/>
  <testcase name="verifyPdtinCart" time="1.469" classname="com.atmecs.practo.testscripts.VerifyCart"/>
</testsuite> <!-- com.atmecs.practo.testscripts.VerifyCart -->
