<?xml version="1.0" encoding="UTF-8"?>
<!-- Generated by org.testng.reporters.JUnitReportReporter -->
<testsuite skipped="0" hostname="ATMECSINDT-046" name="com.atmecs.practo.testscripts.Login" tests="3" failures="0" timestamp="16 Sep 2019 07:12:11 GMT" time="35.907" errors="0">
  <testcase name="verifyHomePage" time="15.797" classname="com.atmecs.practo.testscripts.Login"/>
  <testcase name="verifyPainrelfPage" time="7.825" classname="com.atmecs.practo.testscripts.Login"/>
  <testcase name="verifyFirstProduct" time="12.285" classname="com.atmecs.practo.testscripts.Login"/>
</testsuite> <!-- com.atmecs.practo.testscripts.Login -->
