<?xml version="1.0" encoding="UTF-8"?>
<!-- Generated by org.testng.reporters.JUnitReportReporter -->
<testsuite skipped="0" hostname="ATMECSINDT-046" name="com.atmecs.TaskKonakart.TaskKonakort.SearchValidation" tests="1" failures="0" timestamp="14 Oct 2019 16:41:03 GMT" time="53.435" errors="0">
  <testcase name="searchValidation" time="53.435" classname="com.atmecs.TaskKonakart.TaskKonakort.SearchValidation"/>
</testsuite> <!-- com.atmecs.TaskKonakart.TaskKonakort.SearchValidation -->
