<?xml version="1.0" encoding="UTF-8"?>
<!-- Generated by org.testng.reporters.JUnitReportReporter -->
<testsuite skipped="0" hostname="ATMECSINDT-046" name="com.atmecs.Konakart_Automation.SearchValidation" tests="1" failures="0" timestamp="09 Oct 2019 15:07:55 GMT" time="13.630" errors="0">
  <testcase name="searchValidation" time="13.630" classname="com.atmecs.Konakart_Automation.SearchValidation"/>
</testsuite> <!-- com.atmecs.Konakart_Automation.SearchValidation -->
