<?xml version="1.0" encoding="UTF-8"?>
<!-- Generated by org.testng.reporters.JUnitReportReporter -->
<testsuite skipped="0" hostname="ATMECSINDT-046" name="com.atmecs.Konakart_Automation.HeroImageCoffee" tests="1" failures="0" timestamp="07 Oct 2019 12:03:04 GMT" time="40.004" errors="0">
  <testcase name="heroImage" time="40.004" classname="com.atmecs.Konakart_Automation.HeroImageCoffee"/>
</testsuite> <!-- com.atmecs.Konakart_Automation.HeroImageCoffee -->
