<?xml version="1.0" encoding="UTF-8"?>
<!-- Generated by org.testng.reporters.JUnitReportReporter -->
<testsuite skipped="0" hostname="ATMECSINDT-046" name="com.atmecs.Konakart_Automation.SearchValidation" tests="1" failures="0" timestamp="07 Oct 2019 11:04:46 GMT" time="13.018" errors="0">
  <testcase name="searchValidation" time="13.018" classname="com.atmecs.Konakart_Automation.SearchValidation"/>
</testsuite> <!-- com.atmecs.Konakart_Automation.SearchValidation -->
