<?xml version="1.0" encoding="UTF-8"?>
<!-- Generated by org.testng.reporters.JUnitReportReporter -->
<testsuite skipped="0" hostname="ATMECSINDT-046" name="com.atmecs.AtmecsProject2.PageVerification" tests="1" failures="0" timestamp="03 Oct 2019 15:27:24 GMT" time="57.317" errors="0">
  <testcase name="goToReadMore" time="57.317" classname="com.atmecs.AtmecsProject2.PageVerification"/>
</testsuite> <!-- com.atmecs.AtmecsProject2.PageVerification -->
