<?xml version="1.0" encoding="UTF-8"?>
<!-- Generated by org.testng.reporters.JUnitReportReporter -->
<testsuite skipped="0" hostname="ATMECSINDT-046" name="com.atmecs.automation.testscripts.VerifyBlogs" tests="1" failures="0" timestamp="30 Sep 2019 09:33:58 GMT" time="20.838" errors="0">
  <testcase name="verifyBlogDetails" time="20.838" classname="com.atmecs.automation.testscripts.VerifyBlogs"/>
</testsuite> <!-- com.atmecs.automation.testscripts.VerifyBlogs -->
