<?xml version="1.0" encoding="UTF-8"?>
<!-- Generated by org.testng.reporters.JUnitReportReporter -->
<testsuite skipped="0" hostname="ATMECSINDT-046" name="com.atmecs.automation.testscripts.VerifyFootersAndContexts" tests="1" failures="0" timestamp="30 Sep 2019 13:13:30 GMT" time="14.633" errors="0">
  <testcase name="verifyFooterContext" time="14.633" classname="com.atmecs.automation.testscripts.VerifyFootersAndContexts"/>
</testsuite> <!-- com.atmecs.automation.testscripts.VerifyFootersAndContexts -->
